e:\downloads\sborka-komponenty-vs2017\vncomp83\example\bind\addinnativewin32.lib
e:\downloads\sborka-komponenty-vs2017\vncomp83\example\bind\addinnativewin32.exp
e:\downloads\sborka-komponenty-vs2017\vncomp83\example\build\debug\addinnative\addinnativewin32.pch
e:\downloads\sborka-komponenty-vs2017\vncomp83\example\build\debug\addinnative\vc142.pdb
e:\downloads\sborka-komponenty-vs2017\vncomp83\example\build\debug\addinnative\vc142.idb
e:\downloads\sborka-komponenty-vs2017\vncomp83\example\build\debug\addinnative\stdafx.obj
e:\downloads\sborka-komponenty-vs2017\vncomp83\example\build\debug\addinnative\addinnative.obj
e:\downloads\sborka-komponenty-vs2017\vncomp83\example\build\debug\addinnative\dllmain.obj
e:\downloads\sborka-komponenty-vs2017\vncomp83\example\bind\addinnativewin32.ilk
e:\downloads\sborka-komponenty-vs2017\vncomp83\example\bind\addinnativewin32.dll
e:\downloads\sborka-komponenty-vs2017\vncomp83\example\bind\addinnativewin32.pdb
e:\downloads\sborka-komponenty-vs2017\vncomp83\example\\bind\addinnativewin32.pdb
e:\downloads\sborka-komponenty-vs2017\vncomp83\example\\bind\addinnativewin32.dll
e:\downloads\sborka-komponenty-vs2017\vncomp83\example\\bind\addinnativewin32.ilk
e:\downloads\sborka-komponenty-vs2017\vncomp83\example\build\debug\addinnative\addinnative.tlog\addinnative.write.1u.tlog
e:\downloads\sborka-komponenty-vs2017\vncomp83\example\build\debug\addinnative\addinnative.tlog\cl.command.1.tlog
e:\downloads\sborka-komponenty-vs2017\vncomp83\example\build\debug\addinnative\addinnative.tlog\cl.read.1.tlog
e:\downloads\sborka-komponenty-vs2017\vncomp83\example\build\debug\addinnative\addinnative.tlog\cl.write.1.tlog
e:\downloads\sborka-komponenty-vs2017\vncomp83\example\build\debug\addinnative\addinnative.tlog\link.command.1.tlog
e:\downloads\sborka-komponenty-vs2017\vncomp83\example\build\debug\addinnative\addinnative.tlog\link.read.1.tlog
e:\downloads\sborka-komponenty-vs2017\vncomp83\example\build\debug\addinnative\addinnative.tlog\link.write.1.tlog
